[2018-08-16 13:06:57,262]- logger.py]- DEBUG: 一个info信息
[2018-08-16 13:06:57,263]- logger.py]- DEBUG: 一个debug信息
[2018-08-16 13:06:57,263]- logger.py]- WARNING: 一个waring信息
[2018-08-16 13:06:57,263]- logger.py]- ERROR: 一个error信息
[2018-08-16 13:08:09,775]- logger.py]- DEBUG: 一个info信息
[2018-08-16 13:08:09,775]- logger.py]- DEBUG: 一个debug信息
[2018-08-16 13:08:09,776]- logger.py]- WARNING: 一个waring信息
[2018-08-16 13:08:09,776]- logger.py]- ERROR: 一个error信息
[2018-08-16 13:09:04,907]- logger.py]- DEBUG: 一个info信息
[2018-08-16 13:09:04,907]- logger.py]- DEBUG: 一个debug信息
[2018-08-16 13:09:04,908]- logger.py]- WARNING: 一个waring信息
[2018-08-16 13:09:04,908]- logger.py]- ERROR: 一个error信息
[2018-08-16 13:09:41,899]- logger.py]- DEBUG: 一个info信息
[2018-08-16 13:09:41,899]- logger.py]- DEBUG: 一个debug信息
[2018-08-16 13:09:41,900]- logger.py]- WARNING: 一个waring信息
[2018-08-16 13:09:41,901]- logger.py]- ERROR: 一个error信息
[2018-08-16 13:09:53,569]- logger.py]- DEBUG: 一个info信息
[2018-08-16 13:09:53,569]- logger.py]- DEBUG: 一个debug信息
[2018-08-16 13:09:53,571]- logger.py]- WARNING: 一个waring信息
[2018-08-16 13:09:53,572]- logger.py]- ERROR: 一个error信息
[2018-08-16 13:09:53,572]- logger.py]- CRITICAL: 一个致命critical信息
[2018-08-16 14:05:16,960]- logger.py]- INFO: 一个info信息
[2018-08-16 14:05:16,960]- logger.py]- DEBUG: 一个debug信息
[2018-08-16 14:05:16,960]- logger.py]- WARNING: 一个waring信息
[2018-08-16 14:05:16,960]- logger.py]- ERROR: 一个error信息
[2018-08-16 14:05:16,960]- logger.py]- CRITICAL: 一个致命critical信息
[2018-08-16 14:05:31,169]- logger.py]- INFO: 一个info信息
[2018-08-16 14:05:31,171]- logger.py]- DEBUG: 一个debug信息
[2018-08-16 14:05:31,171]- logger.py]- WARNING: 一个waring信息
[2018-08-16 14:05:31,171]- logger.py]- ERROR: 一个error信息
[2018-08-16 14:05:31,171]- logger.py]- CRITICAL: 一个致命critical信息
