[2018-08-13 18:24:54]- logger.py]- WARNING: 一个waring信息
[2018-08-13 18:25:42]- logger.py]- WARNING: 一个waring信息
[2018-08-13 18:27:34]- logger.py]- WARNING: 一个waring信息
[2018-08-13 18:27:34]- logger.py]- ERROR: 一个error信息
[2018-08-13 18:27:34]- logger.py]- CRITICAL: 一个致命critical信息
[2018-08-13 18:28:00]- logger.py]- WARNING: 一个waring信息
[2018-08-13 18:28:00]- logger.py]- ERROR: 一个error信息
[2018-08-13 18:28:00]- logger.py]- CRITICAL: 一个致命critical信息
[2018-08-13 18:38:06]- logger.py]- WARNING: 一个warning信息
[2018-08-13 18:38:06]- logger.py]- WARNING: 一个warning信息
[2018-08-13 18:38:06]- logger.py]- WARNING: 一个warning信息
[2018-08-13 18:38:18]- logger.py]- WARNING: 一个warning信息
[2018-08-13 18:38:18]- logger.py]- WARNING: 一个warning信息
[2018-08-13 18:38:18]- logger.py]- WARNING: 一个warning信息
[2018-08-13 18:38:24]- logger.py]- WARNING: 一个warning信息
[2018-08-13 18:38:24]- logger.py]- WARNING: 一个warning信息
[2018-08-13 18:38:24]- logger.py]- WARNING: 一个warning信息
[2018-08-13 18:38:34]- logger.py]- WARNING: 一个warning信息
[2018-08-13 18:39:15]- logger.py]- WARNING: 一个warning信息
[2018-08-13 18:39:15]- logger.py]- WARNING: 一个warning信息
[2018-08-13 18:39:15]- logger.py]- WARNING: 一个warning信息
[2018-08-13 18:39:31]- logger.py]- WARNING: 一个warning222222信息
[2018-08-13 18:39:31]- logger.py]- WARNING: 一个warning222222信息
[2018-08-13 18:39:31]- logger.py]- WARNING: 一个warning222222信息
[2018-08-13 18:39:52]- logger.py]- WARNING: 一个warning222222信息
[2018-08-13 18:40:19]- logger.py]- WARNING: 一个warning222222信息
[2018-08-13 18:41:24,766]- logger.py]- WARNING: 一个waring信息
[2018-08-13 18:41:24,766]- logger.py]- ERROR: 一个error信息
[2018-08-13 18:41:24,766]- logger.py]- CRITICAL: 一个致命critical信息
[2018-08-13 18:41:45,500]- logger.py]- WARNING: 一个warning222222信息
[2018-08-13 18:41:50,790]- logger.py]- WARNING: 一个waring信息
[2018-08-13 18:41:50,791]- logger.py]- ERROR: 一个error信息
[2018-08-13 18:41:50,791]- logger.py]- CRITICAL: 一个致命critical信息
[2018-08-13 18:45:47,659]- logger.py]- ERROR: 一个error信息
[2018-08-13 18:45:47,660]- logger.py]- CRITICAL: 一个致命critical信息
[2018-08-13 18:45:55,014]- logger.py]- WARNING: 一个waring信息
[2018-08-13 18:45:55,014]- logger.py]- ERROR: 一个error信息
[2018-08-13 18:45:55,015]- logger.py]- CRITICAL: 一个致命critical信息
[2018-08-13 18:47:15,680]- logger.py]- WARNING: 一个waring信息
[2018-08-13 18:47:15,680]- logger.py]- ERROR: 一个error信息
[2018-08-13 18:47:15,680]- logger.py]- CRITICAL: 一个致命critical信息
[2018-08-13 18:48:23,923]- logger.py]- WARNING: 一个waring信息
[2018-08-13 18:48:23,924]- logger.py]- ERROR: 一个error信息
[2018-08-13 18:48:23,924]- logger.py]- CRITICAL: 一个致命critical信息
[2018-08-13 18:48:59,507]- logger.py]- WARNING: 一个waring信息
[2018-08-13 18:48:59,507]- logger.py]- ERROR: 一个error信息
[2018-08-13 18:48:59,507]- logger.py]- CRITICAL: 一个致命critical信息
[2018-08-13 18:51:23,163]- logger.py]- WARNING: 一个waring信息
[2018-08-13 18:51:23,163]- logger.py]- ERROR: 一个error信息
[2018-08-13 18:51:23,163]- logger.py]- CRITICAL: 一个致命critical信息
[2018-08-13 18:53:29,334]- logger.py]- WARNING: 一个warning222222信息
[2018-08-13 18:53:52,390]- logger.py]- WARNING: 一个warning222222信息
[2018-08-13 18:54:02,600]- logger.py]- WARNING: 一个warning222222信息
[2018-08-13 18:54:02,600]- logger.py]- WARNING: 一个warning222222信息
[2018-08-13 18:54:02,600]- logger.py]- WARNING: 一个warning222222信息
[2018-08-13 18:54:16,094]- logger.py]- WARNING: 一个warning222222信息
[2018-08-13 18:54:16,094]- logger.py]- WARNING: 一个warning222222信息
[2018-08-13 18:54:40,957]- logger.py]- WARNING: 一个warning222222信息
[2018-08-13 18:54:40,957]- logger.py]- WARNING: 一个warning222222信息
[2018-08-13 18:55:03,281]- logger.py]- WARNING: 一个waring信息
[2018-08-13 18:55:03,282]- logger.py]- ERROR: 一个error信息
[2018-08-13 18:55:03,282]- logger.py]- CRITICAL: 一个致命critical信息
[2018-08-13 18:55:07,783]- logger.py]- WARNING: 一个warning222222信息
[2018-08-13 18:55:07,783]- logger.py]- WARNING: 一个warning222222信息
